Arguments: 
  C:\Program Files\nodejs\node.exe C:\Users\Hp\AppData\Roaming\npm\node_modules\yarn\bin\yarn.js add @wallet-connect/web3-provider web3 @celo/contractkit

PATH: 
  C:\Users\Hp\bin;C:\Program Files\Git\mingw64\bin;C:\Program Files\Git\usr\local\bin;C:\Program Files\Git\usr\bin;C:\Program Files\Git\usr\bin;C:\Program Files\Git\mingw64\bin;C:\Program Files\Git\usr\bin;C:\Users\Hp\bin;C:\Program Files\Microsoft\jdk-11.0.18.10-hotspot\bin;C:\Program Files\Eclipse Adoptium\jdk-17.0.5.8-hotspot\bin;C:\Program Files\Common Files\Oracle\Java\javapath;C:\WINDOWS\system32;C:\WINDOWS;C:\WINDOWS\System32\Wbem;C:\WINDOWS\System32\WindowsPowerShell\v1.0;C:\WINDOWS\System32\OpenSSH;C:\Program Files\Git\cmd;C:\xampp\php;C:\ProgramData\ComposerSetup\bin;C:\Users\Hp\AppData\Roaming\Microsoft\Windows\Start Menu\Programs\Python 3.10;C:\Program Files\dotnet;C:\Program Files\Docker\Docker\resources\bin;C:\ProgramData\DockerDesktop\version-bin;C:\ProgramData\chocolatey\bin;C:\Program Files\nodejs;C:\Users\Hp\AppData\Local\Android\Sdk\platform-tools;C:\Users\Hp\AppData\Local\Programs\Python\Python311\Scripts;C:\Users\Hp\AppData\Local\Programs\Python\Python311;C:\Users\Hp\.cargo\bin;C:\Users\Hp\AppData\Local\Microsoft\WindowsApps;C:\Users\Hp\AppData\Local\Programs\Microsoft VS Code\bin;C:\Users\Hp\AppData\Roaming\Composer\vendor\bin;C:\Users\Hp\.dotnet\tools;C:\Users\Hp\AppData\Local\GitHubDesktop\bin;C:\Program Files\MongoDB\Server\6.0\bin;C:\Users\Hp\AppData\Roaming\npm;C:\Users\Hp\AppData\Local\Android\Sdk\platform-tools;C:\Program Files\Git\usr\bin\vendor_perl;C:\Program Files\Git\usr\bin\core_perl

Yarn version: 
  1.22.19

Node version: 
  18.14.2

Platform: 
  win32 x64

Trace: 
  Error: https://registry.yarnpkg.com/@wallet-connect%2fweb3-provider: Not found
      at params.callback [as _callback] (C:\Users\Hp\AppData\Roaming\npm\node_modules\yarn\lib\cli.js:66145:18)
      at self.callback (C:\Users\Hp\AppData\Roaming\npm\node_modules\yarn\lib\cli.js:140890:22)
      at Request.emit (node:events:513:28)
      at Request.<anonymous> (C:\Users\Hp\AppData\Roaming\npm\node_modules\yarn\lib\cli.js:141862:10)
      at Request.emit (node:events:513:28)
      at IncomingMessage.<anonymous> (C:\Users\Hp\AppData\Roaming\npm\node_modules\yarn\lib\cli.js:141784:12)
      at Object.onceWrapper (node:events:627:28)
      at IncomingMessage.emit (node:events:525:35)
      at endReadableNT (node:internal/streams/readable:1359:12)
      at process.processTicksAndRejections (node:internal/process/task_queues:82:21)

npm manifest: 
  {
    "name": "BNUGDAO",
    "version": "0.1.0",
    "private": true,
    "scripts": {
      "dev": "next dev",
      "build": "next build",
      "start": "next start",
      "lint": "next lint"
    },
    "dependencies": {
      "@nomiclabs/hardhat-ethers": "^2.0.5",
      "@nomiclabs/hardhat-waffle": "^2.0.3",
      "@openzeppelin/contracts": "^4.5.0",
      "@walletconnect/sign-client": "^2.6.1",
      "@walletconnect/web3-provider": "^1.8.0",
      "@web3modal/ethereum": "^2.2.2",
      "@web3modal/html": "^2.2.2",
      "@web3modal/react": "^2.2.2",
      "@web3modal/standalone": "^2.2.2",
      "axios": "^0.26.0",
      "chai": "^4.3.7",
      "dotenv": "^16.0.3",
      "ethers": "^5.7.2",
      "fs": "^0.0.1-security",
      "hardhat": "^2.9.0",
      "hardhat-deploy": "^0.11.25",
      "html-entities": "^2.3.3",
      "ipfs-http-client": "^60.0.0",
      "mocha": "^10.2.0",
      "next": "12.1.0",
      "next-themes": "^0.1.1",
      "react": "17.0.2",
      "react-dom": "17.0.2",
      "react-dropzone": "^12.0.4",
      "react-mailchimp-subscribe": "^2.1.3",
      "wagmi": "^0.12.9",
      "web3modal": "^1.9.5"
    },
    "devDependencies": {
      "@mailchimp/mailchimp_marketing": "^3.0.80",
      "@nomicfoundation/hardhat-network-helpers": "^1.0.8",
      "autoprefixer": "^10.4.2",
      "eslint": "^8.10.0",
      "eslint-config-airbnb": "^19.0.4",
      "eslint-config-next": "12.1.0",
      "eslint-plugin-import": "^2.25.4",
      "eslint-plugin-jsx-a11y": "^6.5.1",
      "eslint-plugin-react": "^7.29.3",
      "eslint-plugin-react-hooks": "^4.3.0",
      "hardhat-celo": "^0.0.4",
      "postcss": "^8.4.7",
      "tailwindcss": "^3.0.23"
    },
    "browser": {
      "fs": false,
      "path": false,
      "os": false,
      "crypto": false
    }
  }

yarn manifest: 
  No manifest

Lockfile: 
  No lockfile
